npm verbose cli C:\Program Files\nodejs\node.exe C:\Users\rafael.costa\AppData\Roaming\npm\node_modules\npm\bin\npm-cli.js
npm info using npm@10.8.2
npm info using node@v20.12.1
npm verbose title npm install
npm verbose argv "install" "--legacy-peer-deps" "--loglevel" "verbose"
npm verbose logfile logs-max:10 dir:C:\Users\rafael.costa\AppData\Local\npm-cache\_logs\2024-08-10T17_06_41_478Z-
npm verbose logfile C:\Users\rafael.costa\AppData\Local\npm-cache\_logs\2024-08-10T17_06_41_478Z-debug-0.log
npm http fetch GET 200 https://registry.npmjs.org/@faker-js%2ffaker 364ms (cache revalidated)
npm http fetch GET 200 https://registry.npmjs.org/cypress-mochawesome-reporter 666ms (cache revalidated)
npm http fetch GET 200 https://registry.npmjs.org/browserstack-cypress-cli 627ms (cache revalidated)
npm http fetch GET 200 https://registry.npmjs.org/cypress 69ms (cache revalidated)
npm http fetch GET 200 https://registry.npmjs.org/async 98ms (cache revalidated)
npm http fetch GET 200 https://registry.npmjs.org/chalk 148ms (cache revalidated)
npm http fetch GET 200 https://registry.npmjs.org/archiver 155ms (cache revalidated)
npm http fetch GET 200 https://registry.npmjs.org/cli-progress 162ms (cache revalidated)
npm http fetch GET 200 https://registry.npmjs.org/fs-extra 169ms (cache revalidated)
npm http fetch GET 200 https://registry.npmjs.org/gitconfiglocal 74ms (cache revalidated)
npm http fetch GET 200 https://registry.npmjs.org/glob 69ms (cache revalidated)
npm http fetch GET 200 https://registry.npmjs.org/mkdirp 70ms (cache revalidated)
npm http fetch GET 200 https://registry.npmjs.org/browserstack-local 734ms (cache revalidated)
npm http fetch GET 200 https://registry.npmjs.org/git-last-commit 661ms (cache revalidated)
npm http fetch GET 200 https://registry.npmjs.org/getmac 766ms (cache revalidated)
npm http fetch GET 200 https://registry.npmjs.org/git-repo-info 655ms (cache revalidated)
npm http fetch GET 200 https://registry.npmjs.org/mocha 664ms (cache revalidated)
npm http fetch GET 200 https://registry.npmjs.org/uuid 91ms (cache revalidated)
npm http fetch GET 200 https://registry.npmjs.org/update-notifier 110ms (cache revalidated)
npm http fetch GET 200 https://registry.npmjs.org/node-ipc 673ms (cache revalidated)
npm http fetch GET 200 https://registry.npmjs.org/table 156ms (cache revalidated)
npm http fetch GET 200 https://registry.npmjs.org/request 652ms (cache revalidated)
npm http fetch GET 200 https://registry.npmjs.org/windows-release 92ms (cache revalidated)
npm http fetch GET 200 https://registry.npmjs.org/winston 85ms (cache revalidated)
npm http fetch GET 200 https://registry.npmjs.org/yargs 80ms (cache revalidated)
npm http fetch GET 200 https://registry.npmjs.org/tmp 91ms (cache revalidated)
npm http fetch GET 200 https://registry.npmjs.org/arch 55ms (cache revalidated)
npm http fetch GET 200 https://registry.npmjs.org/dayjs 101ms (cache revalidated)
npm http fetch GET 200 https://registry.npmjs.org/getos 78ms (cache revalidated)
npm http fetch GET 200 https://registry.npmjs.org/execa 96ms (cache revalidated)
npm http fetch GET 200 https://registry.npmjs.org/is-ci 83ms (cache revalidated)
npm http fetch GET 200 https://registry.npmjs.org/debug 121ms (cache revalidated)
npm http fetch GET 200 https://registry.npmjs.org/buffer 83ms (cache revalidated)
npm http fetch GET 200 https://registry.npmjs.org/ospath 76ms (cache revalidated)
npm http fetch GET 200 https://registry.npmjs.org/lodash 86ms (cache revalidated)
npm http fetch GET 200 https://registry.npmjs.org/listr2 113ms (cache revalidated)
npm http fetch GET 200 https://registry.npmjs.org/semver 79ms (cache revalidated)
npm http fetch GET 200 https://registry.npmjs.org/process 120ms (cache revalidated)
npm http fetch GET 200 https://registry.npmjs.org/figures 142ms (cache revalidated)
npm http fetch GET 200 https://registry.npmjs.org/cachedir 90ms (cache revalidated)
npm http fetch GET 200 https://registry.npmjs.org/bluebird 128ms (cache revalidated)
npm http fetch GET 200 https://registry.npmjs.org/requestretry 675ms (cache revalidated)
npm http fetch GET 200 https://registry.npmjs.org/enquirer 90ms (cache revalidated)
npm http fetch GET 200 https://registry.npmjs.org/minimist 109ms (cache revalidated)
npm http fetch GET 200 https://registry.npmjs.org/blob-util 90ms (cache revalidated)
npm http fetch GET 200 https://registry.npmjs.org/untildify 58ms (cache revalidated)
npm http fetch GET 200 https://registry.npmjs.org/commander 102ms (cache revalidated)
npm http fetch GET 200 https://registry.npmjs.org/cli-cursor 80ms (cache revalidated)
npm http fetch GET 200 https://registry.npmjs.org/cli-table3 74ms (cache revalidated)
npm http fetch GET 200 https://registry.npmjs.org/decompress 675ms (cache revalidated)
npm http fetch GET 200 https://registry.npmjs.org/executable 99ms (cache revalidated)
npm http fetch GET 200 https://registry.npmjs.org/common-tags 84ms (cache revalidated)
npm http fetch GET 200 https://registry.npmjs.org/extract-zip 108ms (cache revalidated)
npm http fetch GET 200 https://registry.npmjs.org/log-symbols 116ms (cache revalidated)
npm http fetch GET 200 https://registry.npmjs.org/pretty-bytes 94ms (cache revalidated)
npm http fetch GET 200 https://registry.npmjs.org/@cypress%2fxvfb 97ms (cache revalidated)
npm http fetch GET 200 https://registry.npmjs.org/proxy-from-env 71ms (cache revalidated)
npm http fetch GET 200 https://registry.npmjs.org/yauzl 708ms (cache revalidated)
npm http fetch GET 200 https://registry.npmjs.org/supports-color 119ms (cache revalidated)
npm http fetch GET 200 https://registry.npmjs.org/is-installed-globally 97ms (cache revalidated)
npm http fetch GET 200 https://registry.npmjs.org/request-progress 113ms (cache revalidated)
npm http fetch GET 200 https://registry.npmjs.org/@types%2fsinonjs__fake-timers 97ms (cache revalidated)
npm http fetch GET 200 https://registry.npmjs.org/lazy-ass 711ms (cache revalidated)
npm http fetch GET 200 https://registry.npmjs.org/eventemitter2 670ms (cache revalidated)
npm http fetch GET 200 https://registry.npmjs.org/check-more-types 653ms (cache revalidated)
npm http fetch GET 200 https://registry.npmjs.org/mochawesome 675ms (cache revalidated)
npm http fetch GET 200 https://registry.npmjs.org/mochawesome-merge 687ms (cache revalidated)
npm http fetch GET 200 https://registry.npmjs.org/mochawesome-report-generator 660ms (cache revalidated)
npm http fetch GET 200 https://registry.npmjs.org/@types%2fsizzle 1241ms (cache revalidated)
npm http fetch GET 200 https://registry.npmjs.org/@cypress%2frequest 1334ms (cache revalidated)
npm http fetch GET 200 https://registry.npmjs.org/buffer-crc32 70ms (cache revalidated)
npm http fetch GET 200 https://registry.npmjs.org/readable-stream 73ms (cache revalidated)
npm http fetch GET 200 https://registry.npmjs.org/archiver-utils 98ms (cache revalidated)
npm http fetch GET 200 https://registry.npmjs.org/readdir-glob 98ms (cache revalidated)
npm http fetch GET 200 https://registry.npmjs.org/https-proxy-agent 98ms (cache revalidated)
npm http fetch GET 200 https://registry.npmjs.org/tar-stream 106ms (cache revalidated)
npm http fetch GET 200 https://registry.npmjs.org/ansi-styles 85ms (cache revalidated)
npm http fetch GET 200 https://registry.npmjs.org/string-width 76ms (cache revalidated)
npm http fetch GET 200 https://registry.npmjs.org/agent-base 102ms (cache revalidated)
npm http fetch GET 200 https://registry.npmjs.org/decompress-tar 63ms (cache revalidated)
npm http fetch GET 200 https://registry.npmjs.org/decompress-tarbz2 74ms (cache revalidated)
npm http fetch GET 200 https://registry.npmjs.org/decompress-unzip 61ms (cache revalidated)
npm http fetch GET 200 https://registry.npmjs.org/graceful-fs 65ms (cache revalidated)
npm http fetch GET 200 https://registry.npmjs.org/make-dir 60ms (cache revalidated)
npm http fetch GET 200 https://registry.npmjs.org/pify 50ms (cache revalidated)
npm http fetch GET 200 https://registry.npmjs.org/jsonfile 54ms (cache revalidated)
npm http fetch GET 200 https://registry.npmjs.org/universalify 53ms (cache revalidated)
npm http fetch GET 200 https://registry.npmjs.org/@types%2fnode 109ms (cache revalidated)
npm http fetch GET 200 https://registry.npmjs.org/temp-fs 699ms (cache revalidated)
npm http fetch GET 200 https://registry.npmjs.org/is-running 727ms (cache revalidated)
npm http fetch GET 200 https://registry.npmjs.org/ps-tree 715ms (cache revalidated)
npm http fetch GET 200 https://registry.npmjs.org/zip-stream 801ms (cache revalidated)
npm http fetch GET 200 https://registry.npmjs.org/ini 84ms (cache revalidated)
npm http fetch GET 200 https://registry.npmjs.org/inherits 64ms (cache revalidated)
npm http fetch GET 200 https://registry.npmjs.org/once 69ms (cache revalidated)
npm http fetch GET 200 https://registry.npmjs.org/inflight 75ms (cache revalidated)
npm http fetch GET 200 https://registry.npmjs.org/minimatch 72ms (cache revalidated)
npm http fetch GET 200 https://registry.npmjs.org/decompress-targz 688ms (cache revalidated)
npm http fetch GET 200 https://registry.npmjs.org/fs.realpath 57ms (cache revalidated)
npm http fetch GET 200 https://registry.npmjs.org/ansi-colors 110ms (cache revalidated)
npm http fetch GET 200 https://registry.npmjs.org/path-is-absolute 119ms (cache revalidated)
npm http fetch GET 200 https://registry.npmjs.org/chokidar 106ms (cache revalidated)
npm http fetch GET 200 https://registry.npmjs.org/diff 113ms (cache revalidated)
npm http fetch GET 200 https://registry.npmjs.org/escape-string-regexp 108ms (cache revalidated)
npm http fetch GET 200 https://registry.npmjs.org/strip-dirs 651ms (cache revalidated)
npm http fetch GET 200 https://registry.npmjs.org/he 98ms (cache revalidated)
npm http fetch GET 200 https://registry.npmjs.org/find-up 114ms (cache revalidated)
npm http fetch GET 200 https://registry.npmjs.org/serialize-javascript 78ms (cache revalidated)
npm http fetch GET 200 https://registry.npmjs.org/js-yaml 108ms (cache revalidated)
npm http fetch GET 200 https://registry.npmjs.org/strip-json-comments 83ms (cache revalidated)
npm http fetch GET 200 https://registry.npmjs.org/ms 105ms (cache revalidated)
npm http fetch GET 200 https://registry.npmjs.org/yargs 46ms (cache hit)
npm http fetch GET 200 https://registry.npmjs.org/yargs-unparser 123ms (cache revalidated)
npm http fetch GET 200 https://registry.npmjs.org/yargs-parser 148ms (cache revalidated)
npm http fetch GET 200 https://registry.npmjs.org/event-pubsub 141ms (cache revalidated)
npm http fetch GET 200 https://registry.npmjs.org/js-message 156ms (cache revalidated)
npm http fetch GET 200 https://registry.npmjs.org/aws4 57ms (cache revalidated)
npm http fetch GET 200 https://registry.npmjs.org/combined-stream 60ms (cache revalidated)
npm http fetch GET 200 https://registry.npmjs.org/extend 65ms (cache revalidated)
npm http fetch GET 200 https://registry.npmjs.org/form-data 68ms (cache revalidated)
npm http fetch GET 200 https://registry.npmjs.org/forever-agent 135ms (cache revalidated)
npm http fetch GET 200 https://registry.npmjs.org/browser-stdout 667ms (cache revalidated)
npm http fetch GET 200 https://registry.npmjs.org/http-signature 76ms (cache revalidated)
npm http fetch GET 200 https://registry.npmjs.org/is-typedarray 78ms (cache revalidated)
npm http fetch GET 200 https://registry.npmjs.org/isstream 73ms (cache revalidated)
npm http fetch GET 200 https://registry.npmjs.org/json-stringify-safe 56ms (cache revalidated)
npm http fetch GET 200 https://registry.npmjs.org/mime-types 71ms (cache revalidated)
npm http fetch GET 200 https://registry.npmjs.org/oauth-sign 78ms (cache revalidated)
npm http fetch GET 200 https://registry.npmjs.org/workerpool 681ms (cache revalidated)
npm http fetch GET 200 https://registry.npmjs.org/qs 59ms (cache revalidated)
npm http fetch GET 200 https://registry.npmjs.org/safe-buffer 61ms (cache revalidated)
npm http fetch GET 200 https://registry.npmjs.org/js-queue 676ms (cache revalidated)
npm http fetch GET 200 https://registry.npmjs.org/tough-cookie 78ms (cache revalidated)
npm http fetch GET 200 https://registry.npmjs.org/caseless 668ms (cache revalidated)
npm http fetch GET 200 https://registry.npmjs.org/aws-sign2 697ms (cache revalidated)
npm http fetch GET 200 https://registry.npmjs.org/tunnel-agent 106ms (cache revalidated)
npm http fetch GET 200 https://registry.npmjs.org/ajv 97ms (cache revalidated)
npm http fetch GET 200 https://registry.npmjs.org/slice-ansi 102ms (cache revalidated)
npm http fetch GET 200 https://registry.npmjs.org/pupa 88ms (cache revalidated)
npm http fetch GET 200 https://registry.npmjs.org/is-npm 85ms (cache revalidated)
npm http fetch GET 200 https://registry.npmjs.org/boxen 102ms (cache revalidated)
npm http fetch GET 200 https://registry.npmjs.org/configstore 74ms (cache revalidated)
npm http fetch GET 200 https://registry.npmjs.org/import-lazy 81ms (cache revalidated)
npm http fetch GET 200 https://registry.npmjs.org/semver-diff 79ms (cache revalidated)
npm http fetch GET 200 https://registry.npmjs.org/xdg-basedir 66ms (cache revalidated)
npm http fetch GET 200 https://registry.npmjs.org/har-validator 673ms (cache revalidated)
npm http fetch GET 200 https://registry.npmjs.org/latest-version 52ms (cache revalidated)
npm http fetch GET 200 https://registry.npmjs.org/colors 76ms (cache revalidated)
npm http fetch GET 200 https://registry.npmjs.org/stack-trace 61ms (cache revalidated)
npm http fetch GET 200 https://registry.npmjs.org/y18n 64ms (cache revalidated)
npm http fetch GET 200 https://registry.npmjs.org/cliui 64ms (cache revalidated)
npm http fetch GET 200 https://registry.npmjs.org/decamelize 58ms (cache revalidated)
npm http fetch GET 200 https://registry.npmjs.org/which-module 67ms (cache revalidated)
npm http fetch GET 200 https://registry.npmjs.org/get-caller-file 66ms (cache revalidated)
npm http fetch GET 200 https://registry.npmjs.org/performance-now 641ms (cache revalidated)
npm http fetch GET 200 https://registry.npmjs.org/require-main-filename 60ms (cache revalidated)
npm http fetch GET 200 https://registry.npmjs.org/require-directory 66ms (cache revalidated)
npm http fetch GET 200 https://registry.npmjs.org/is-in-ci 649ms (cache revalidated)
npm http fetch GET 200 https://registry.npmjs.org/eyes 641ms (cache revalidated)
npm http fetch GET 200 https://registry.npmjs.org/cycle 665ms (cache revalidated)
npm http fetch GET 200 https://registry.npmjs.org/set-blocking 643ms (cache revalidated)
npm http fetch GET 200 https://registry.npmjs.org/lodash.defaults 65ms (cache revalidated)
npm http fetch GET 200 https://registry.npmjs.org/lazystream 77ms (cache revalidated)
npm http fetch GET 200 https://registry.npmjs.org/normalize-path 65ms (cache revalidated)
npm http fetch GET 200 https://registry.npmjs.org/lodash.isplainobject 83ms (cache revalidated)
npm http fetch GET 200 https://registry.npmjs.org/lodash.flatten 111ms (cache revalidated)
npm http fetch GET 200 https://registry.npmjs.org/util-deprecate 66ms (cache revalidated)
npm http fetch GET 200 https://registry.npmjs.org/end-of-stream 57ms (cache revalidated)
npm http fetch GET 200 https://registry.npmjs.org/bl 71ms (cache revalidated)
npm http fetch GET 200 https://registry.npmjs.org/string_decoder 85ms (cache revalidated)
npm http fetch GET 200 https://registry.npmjs.org/fs-constants 58ms (cache revalidated)
npm http fetch GET 200 https://registry.npmjs.org/lodash.difference 664ms (cache revalidated)
npm http fetch GET 200 https://registry.npmjs.org/lodash.union 785ms (cache revalidated)
npm http fetch GET 200 https://registry.npmjs.org/compress-commons 656ms (cache revalidated)
npm http fetch GET 200 https://registry.npmjs.org/isarray 99ms (cache revalidated)
npm http fetch GET 200 https://registry.npmjs.org/core-util-is 111ms (cache revalidated)
npm http fetch GET 200 https://registry.npmjs.org/process-nextick-args 113ms (cache revalidated)
npm http fetch GET 200 https://registry.npmjs.org/rimraf 73ms (cache revalidated)
npm http fetch GET 200 https://registry.npmjs.org/event-stream 97ms (cache revalidated)
npm http fetch GET 200 https://registry.npmjs.org/color-convert 70ms (cache revalidated)
npm http fetch GET 200 https://registry.npmjs.org/has-flag 77ms (cache revalidated)
npm http fetch GET 200 https://registry.npmjs.org/color-name 78ms (cache revalidated)
npm http fetch GET 200 https://registry.npmjs.org/strip-ansi 87ms (cache revalidated)
npm http fetch GET 200 https://registry.npmjs.org/emoji-regex 101ms (cache revalidated)
npm http fetch GET 200 https://registry.npmjs.org/is-fullwidth-code-point 101ms (cache revalidated)
npm http fetch GET 200 https://registry.npmjs.org/base64-js 107ms (cache revalidated)
npm http fetch GET 200 https://registry.npmjs.org/ieee754 105ms (cache revalidated)
npm http fetch GET 200 https://registry.npmjs.org/restore-cursor 112ms (cache revalidated)
npm http fetch GET 200 https://registry.npmjs.org/is-stream 115ms (cache revalidated)
npm http fetch GET 200 https://registry.npmjs.org/onetime 122ms (cache revalidated)
npm http fetch GET 200 https://registry.npmjs.org/lodash.once 152ms (cache revalidated)
npm http fetch GET 200 https://registry.npmjs.org/@colors%2fcolors 164ms (cache revalidated)
npm http fetch GET 200 https://registry.npmjs.org/cross-spawn 125ms (cache revalidated)
npm http fetch GET 200 https://registry.npmjs.org/get-stream 139ms (cache revalidated)
npm http fetch GET 200 https://registry.npmjs.org/signal-exit 125ms (cache revalidated)
npm http fetch GET 200 https://registry.npmjs.org/merge-stream 130ms (cache revalidated)
npm http fetch GET 200 https://registry.npmjs.org/human-signals 133ms (cache revalidated)
npm http fetch GET 200 https://registry.npmjs.org/npm-run-path 141ms (cache revalidated)
npm http fetch GET 200 https://registry.npmjs.org/strip-final-newline 116ms (cache revalidated)
npm http fetch GET 200 https://registry.npmjs.org/get-stream 60ms (cache hit)
npm http fetch GET 200 https://registry.npmjs.org/at-least-node 106ms (cache revalidated)
npm http fetch GET 200 https://registry.npmjs.org/global-dirs 96ms (cache revalidated)
npm http fetch GET 200 https://registry.npmjs.org/ci-info 103ms (cache revalidated)
npm http fetch GET 200 https://registry.npmjs.org/is-path-inside 103ms (cache revalidated)
npm http fetch GET 200 https://registry.npmjs.org/rxjs 96ms (cache revalidated)
npm http fetch GET 200 https://registry.npmjs.org/rfdc 153ms (cache revalidated)
npm http fetch GET 200 https://registry.npmjs.org/p-map 93ms (cache revalidated)
npm http fetch GET 200 https://registry.npmjs.org/through 127ms (cache revalidated)
npm http fetch GET 200 https://registry.npmjs.org/colorette 140ms (cache revalidated)
npm http fetch GET 200 https://registry.npmjs.org/log-update 102ms (cache revalidated)
npm http fetch GET 200 https://registry.npmjs.org/wrap-ansi 156ms (cache revalidated)
npm http fetch GET 200 https://registry.npmjs.org/is-unicode-supported 101ms (cache revalidated)
npm http fetch GET 200 https://registry.npmjs.org/cli-truncate 114ms (cache revalidated)
npm http fetch GET 200 https://registry.npmjs.org/throttleit 114ms (cache revalidated)
npm http fetch GET 200 https://registry.npmjs.org/fd-slicer 119ms (cache revalidated)
npm http fetch GET 200 https://registry.npmjs.org/@types%2fyauzl 1312ms (cache revalidated)
npm http fetch GET 200 https://registry.npmjs.org/delayed-stream 148ms (cache revalidated)
npm http fetch GET 200 https://registry.npmjs.org/assert-plus 163ms (cache revalidated)
npm http fetch GET 200 https://registry.npmjs.org/mime-db 158ms (cache revalidated)
npm http fetch GET 200 https://registry.npmjs.org/side-channel 133ms (cache revalidated)
npm http fetch GET 200 https://registry.npmjs.org/sshpk 177ms (cache revalidated)
npm http fetch GET 200 https://registry.npmjs.org/jsprim 190ms (cache revalidated)
npm http fetch GET 200 https://registry.npmjs.org/psl 108ms (cache revalidated)
npm http fetch GET 200 https://registry.npmjs.org/url-parse 99ms (cache revalidated)
npm http fetch GET 200 https://registry.npmjs.org/punycode 128ms (cache revalidated)
npm http fetch GET 200 https://registry.npmjs.org/asynckit 725ms (cache revalidated)
npm http fetch GET 200 https://registry.npmjs.org/yargs 36ms (cache hit)
npm http fetch GET 200 https://registry.npmjs.org/lodash.isfunction 102ms (cache revalidated)
npm http fetch GET 200 https://registry.npmjs.org/lodash.isstring 109ms (cache revalidated)
npm http fetch GET 200 https://registry.npmjs.org/dateformat 106ms (cache revalidated)
npm http fetch GET 200 https://registry.npmjs.org/lodash.isobject 121ms (cache revalidated)
npm http fetch GET 200 https://registry.npmjs.org/escape-html 145ms (cache revalidated)
npm http fetch GET 200 https://registry.npmjs.org/prop-types 112ms (cache revalidated)
npm http fetch GET 200 https://registry.npmjs.org/yargs 52ms (cache hit)
npm http fetch GET 200 https://registry.npmjs.org/validator 232ms (cache revalidated)
npm http fetch GET 200 https://registry.npmjs.org/tcomb-validation 300ms (cache revalidated)
npm http fetch GET 200 https://registry.npmjs.org/tcomb 311ms (cache revalidated)
npm http fetch GET 200 https://registry.npmjs.org/lodash.isempty 658ms (cache revalidated)
npm http fetch GET 200 https://registry.npmjs.org/fsu 701ms (cache revalidated)
npm http fetch GET 200 https://registry.npmjs.org/opener 685ms (cache revalidated)
npm http fetch GET 200 https://registry.npmjs.org/file-type 185ms (cache revalidated)
npm http fetch GET 200 https://registry.npmjs.org/seek-bzip 279ms (cache revalidated)
npm http fetch GET 200 https://registry.npmjs.org/file-type 245ms (cache revalidated)
npm http fetch GET 200 https://registry.npmjs.org/file-type 315ms (cache revalidated)
npm http fetch GET 200 https://registry.npmjs.org/is-natural-number 277ms (cache revalidated)
npm http fetch GET 200 https://registry.npmjs.org/file-type 308ms (cache revalidated)
npm http fetch GET 200 https://registry.npmjs.org/unbzip2-stream 736ms (cache revalidated)
npm http fetch GET 200 https://registry.npmjs.org/buffer-alloc 70ms (cache revalidated)
npm http fetch GET 200 https://registry.npmjs.org/xtend 68ms (cache revalidated)
npm http fetch GET 200 https://registry.npmjs.org/to-buffer 658ms (cache revalidated)
npm http fetch GET 200 https://registry.npmjs.org/pinkie-promise 63ms (cache revalidated)
npm http fetch GET 200 https://registry.npmjs.org/object-assign 68ms (cache revalidated)
npm http fetch GET 200 https://registry.npmjs.org/ansi-regex 58ms (cache revalidated)
npm http fetch GET 200 https://registry.npmjs.org/shebang-command 74ms (cache revalidated)
npm http fetch GET 200 https://registry.npmjs.org/which 81ms (cache revalidated)
npm http fetch GET 200 https://registry.npmjs.org/pump 91ms (cache revalidated)
npm http fetch GET 200 https://registry.npmjs.org/path-key 129ms (cache revalidated)
npm http fetch GET 200 https://registry.npmjs.org/mimic-fn 130ms (cache revalidated)
npm http fetch GET 200 https://registry.npmjs.org/path-key 142ms (cache revalidated)
npm http fetch GET 200 https://registry.npmjs.org/isexe 66ms (cache revalidated)
npm http fetch GET 200 https://registry.npmjs.org/shebang-regex 84ms (cache revalidated)
npm http fetch GET 200 https://registry.npmjs.org/@types%2fnode 48ms (cache hit)
npm http fetch GET 200 https://registry.npmjs.org/undici-types 78ms (cache revalidated)
npm http fetch GET 200 https://registry.npmjs.org/pinkie 55ms (cache revalidated)
npm http fetch GET 200 https://registry.npmjs.org/brace-expansion 52ms (cache revalidated)
npm http fetch GET 200 https://registry.npmjs.org/wrappy 58ms (cache revalidated)
npm http fetch GET 200 https://registry.npmjs.org/wrappy 58ms (cache revalidated)
npm http fetch GET 200 https://registry.npmjs.org/extsprintf 70ms (cache revalidated)
npm http fetch GET 200 https://registry.npmjs.org/asn1 75ms (cache revalidated)
npm http fetch GET 200 https://registry.npmjs.org/json-schema 83ms (cache revalidated)
npm http fetch GET 200 https://registry.npmjs.org/dashdash 84ms (cache revalidated)
npm http fetch GET 200 https://registry.npmjs.org/safer-buffer 88ms (cache revalidated)
npm http fetch GET 200 https://registry.npmjs.org/jsbn 252ms (cache revalidated)
npm http fetch GET 200 https://registry.npmjs.org/bcrypt-pbkdf 268ms (cache revalidated)
npm http fetch GET 200 https://registry.npmjs.org/ecc-jsbn 284ms (cache revalidated)
npm http fetch GET 200 https://registry.npmjs.org/tweetnacl 306ms (cache revalidated)
npm http fetch GET 200 https://registry.npmjs.org/verror 658ms (cache revalidated)
npm http fetch GET 200 https://registry.npmjs.org/getpass 668ms (cache revalidated)
npm http fetch GET 200 https://registry.npmjs.org/tslib 84ms (cache revalidated)
npm http fetch GET 200 https://registry.npmjs.org/ansi-escapes 95ms (cache revalidated)
npm http fetch GET 200 https://registry.npmjs.org/aggregate-error 98ms (cache revalidated)
npm http fetch GET 200 https://registry.npmjs.org/astral-regex 53ms (cache revalidated)
npm http fetch GET 200 https://registry.npmjs.org/type-fest 53ms (cache revalidated)
npm http fetch GET 200 https://registry.npmjs.org/concat-map 102ms (cache revalidated)
npm http fetch GET 200 https://registry.npmjs.org/balanced-match 107ms (cache revalidated)
npm http fetch GET 200 https://registry.npmjs.org/is-binary-path 67ms (cache revalidated)
npm http fetch GET 200 https://registry.npmjs.org/anymatch 77ms (cache revalidated)
npm http fetch GET 200 https://registry.npmjs.org/fsevents 74ms (cache revalidated)
npm http fetch GET 200 https://registry.npmjs.org/is-glob 106ms (cache revalidated)
npm http fetch GET 200 https://registry.npmjs.org/glob-parent 114ms (cache revalidated)
npm http fetch GET 200 https://registry.npmjs.org/braces 120ms (cache revalidated)
npm http fetch GET 200 https://registry.npmjs.org/readdirp 126ms (cache revalidated)
npm http fetch GET 200 https://registry.npmjs.org/locate-path 82ms (cache revalidated)
npm http fetch GET 200 https://registry.npmjs.org/path-exists 119ms (cache revalidated)
npm http fetch GET 200 https://registry.npmjs.org/flat 76ms (cache revalidated)
npm http fetch GET 200 https://registry.npmjs.org/camelcase 104ms (cache revalidated)
npm http fetch GET 200 https://registry.npmjs.org/escalade 120ms (cache revalidated)
npm http fetch GET 200 https://registry.npmjs.org/is-plain-obj 92ms (cache revalidated)
npm http fetch GET 200 https://registry.npmjs.org/randombytes 701ms (cache revalidated)
npm http fetch GET 200 https://registry.npmjs.org/argparse 779ms (cache revalidated)
npm http fetch GET 200 https://registry.npmjs.org/picomatch 61ms (cache revalidated)
npm http fetch GET 200 https://registry.npmjs.org/is-extglob 68ms (cache revalidated)
npm http fetch GET 200 https://registry.npmjs.org/picomatch 72ms (cache revalidated)
npm http fetch GET 200 https://registry.npmjs.org/binary-extensions 82ms (cache revalidated)
npm http fetch GET 200 https://registry.npmjs.org/fill-range 121ms (cache revalidated)
npm http fetch GET 200 https://registry.npmjs.org/to-regex-range 51ms (cache revalidated)
npm http fetch GET 200 https://registry.npmjs.org/is-number 48ms (cache revalidated)
npm http fetch GET 200 https://registry.npmjs.org/p-locate 67ms (cache revalidated)
npm http fetch GET 200 https://registry.npmjs.org/p-limit 51ms (cache revalidated)
npm http fetch GET 200 https://registry.npmjs.org/loose-envify 55ms (cache revalidated)
npm http fetch GET 200 https://registry.npmjs.org/react-is 83ms (cache revalidated)
npm http fetch GET 200 https://registry.npmjs.org/easy-stack 619ms (cache revalidated)
npm http fetch GET 200 https://registry.npmjs.org/yocto-queue 72ms (cache revalidated)
npm http fetch GET 200 https://registry.npmjs.org/clean-stack 56ms (cache revalidated)
npm http fetch GET 200 https://registry.npmjs.org/indent-string 74ms (cache revalidated)
npm http fetch GET 200 https://registry.npmjs.org/js-tokens 664ms (cache revalidated)
npm http fetch GET 200 https://registry.npmjs.org/from 73ms (cache revalidated)
npm http fetch GET 200 https://registry.npmjs.org/split 73ms (cache revalidated)
npm http fetch GET 200 https://registry.npmjs.org/stream-combiner 77ms (cache revalidated)
npm http fetch GET 200 https://registry.npmjs.org/duplexer 99ms (cache revalidated)
npm http fetch GET 200 https://registry.npmjs.org/pause-stream 676ms (cache revalidated)
npm http fetch GET 200 https://registry.npmjs.org/map-stream 808ms (cache revalidated)
npm http fetch GET 200 https://registry.npmjs.org/call-bind 58ms (cache revalidated)
npm http fetch GET 200 https://registry.npmjs.org/get-intrinsic 58ms (cache revalidated)
npm http fetch GET 200 https://registry.npmjs.org/object-inspect 61ms (cache revalidated)
npm http fetch GET 200 https://registry.npmjs.org/es-errors 72ms (cache revalidated)
npm http fetch GET 200 https://registry.npmjs.org/ajv 12ms (cache hit)
npm http fetch GET 200 https://registry.npmjs.org/har-schema 73ms (cache revalidated)
npm http fetch GET 200 https://registry.npmjs.org/json-schema-traverse 53ms (cache revalidated)
npm http fetch GET 200 https://registry.npmjs.org/fast-json-stable-stringify 54ms (cache revalidated)
npm http fetch GET 200 https://registry.npmjs.org/fast-deep-equal 71ms (cache revalidated)
npm http fetch GET 200 https://registry.npmjs.org/uri-js 630ms (cache revalidated)
npm http fetch GET 200 https://registry.npmjs.org/function-bind 77ms (cache revalidated)
npm http fetch GET 200 https://registry.npmjs.org/function-bind 80ms (cache revalidated)
npm http fetch GET 200 https://registry.npmjs.org/set-function-length 85ms (cache revalidated)
npm http fetch GET 200 https://registry.npmjs.org/hasown 91ms (cache revalidated)
npm http fetch GET 200 https://registry.npmjs.org/es-define-property 96ms (cache revalidated)
npm http fetch GET 200 https://registry.npmjs.org/has-symbols 96ms (cache revalidated)
npm http fetch GET 200 https://registry.npmjs.org/has-proto 100ms (cache revalidated)
npm http fetch GET 200 https://registry.npmjs.org/define-data-property 50ms (cache revalidated)
npm http fetch GET 200 https://registry.npmjs.org/has-property-descriptors 57ms (cache revalidated)
npm http fetch GET 200 https://registry.npmjs.org/gopd 61ms (cache revalidated)
npm http fetch GET 200 https://registry.npmjs.org/querystringify 51ms (cache revalidated)
npm http fetch GET 200 https://registry.npmjs.org/requires-port 60ms (cache revalidated)
npm http fetch GET 200 https://registry.npmjs.org/widest-line 68ms (cache revalidated)
npm http fetch GET 200 https://registry.npmjs.org/package-json 64ms (cache revalidated)
npm http fetch GET 200 https://registry.npmjs.org/unique-string 73ms (cache revalidated)
npm http fetch GET 200 https://registry.npmjs.org/ansi-align 82ms (cache revalidated)
npm http fetch GET 200 https://registry.npmjs.org/cli-boxes 85ms (cache revalidated)
npm http fetch GET 200 https://registry.npmjs.org/write-file-atomic 75ms (cache revalidated)
npm http fetch GET 200 https://registry.npmjs.org/dot-prop 82ms (cache revalidated)
npm http fetch GET 200 https://registry.npmjs.org/escape-goat 51ms (cache revalidated)
npm http fetch GET 200 https://registry.npmjs.org/eastasianwidth 50ms (cache revalidated)
npm http fetch GET 200 https://registry.npmjs.org/typedarray-to-buffer 60ms (cache revalidated)
npm http fetch GET 200 https://registry.npmjs.org/imurmurhash 62ms (cache revalidated)
npm http fetch GET 200 https://registry.npmjs.org/crypto-random-string 65ms (cache revalidated)
npm http fetch GET 200 https://registry.npmjs.org/is-obj 661ms (cache revalidated)
npm http fetch GET 200 https://registry.npmjs.org/registry-auth-token 112ms (cache revalidated)
npm http fetch GET 200 https://registry.npmjs.org/registry-url 125ms (cache revalidated)
npm http fetch GET 200 https://registry.npmjs.org/got 721ms (cache revalidated)
npm http fetch GET 200 https://registry.npmjs.org/responselike 72ms (cache revalidated)
npm http fetch GET 200 https://registry.npmjs.org/p-cancelable 94ms (cache revalidated)
npm http fetch GET 200 https://registry.npmjs.org/lowercase-keys 108ms (cache revalidated)
npm http fetch GET 200 https://registry.npmjs.org/http2-wrapper 114ms (cache revalidated)
npm http fetch GET 200 https://registry.npmjs.org/cacheable-request 119ms (cache revalidated)
npm http fetch GET 200 https://registry.npmjs.org/cacheable-lookup 129ms (cache revalidated)
npm http fetch GET 200 https://registry.npmjs.org/@sindresorhus%2fis 141ms (cache revalidated)
npm http fetch GET 200 https://registry.npmjs.org/form-data-encoder 116ms (cache revalidated)
npm http fetch GET 200 https://registry.npmjs.org/decompress-response 97ms (cache revalidated)
npm http fetch GET 200 https://registry.npmjs.org/rc 80ms (cache revalidated)
npm http fetch GET 200 https://registry.npmjs.org/@szmarczak%2fhttp-timer 118ms (cache revalidated)
npm http fetch GET 200 https://registry.npmjs.org/@pnpm%2fnpm-conf 125ms (cache revalidated)
npm http fetch GET 200 https://registry.npmjs.org/defer-to-connect 62ms (cache revalidated)
npm http fetch GET 200 https://registry.npmjs.org/http-cache-semantics 61ms (cache revalidated)
npm http fetch GET 200 https://registry.npmjs.org/normalize-url 64ms (cache revalidated)
npm http fetch GET 200 https://registry.npmjs.org/mimic-response 73ms (cache revalidated)
npm http fetch GET 200 https://registry.npmjs.org/mimic-response 76ms (cache revalidated)
npm http fetch GET 200 https://registry.npmjs.org/keyv 82ms (cache revalidated)
npm http fetch GET 200 https://registry.npmjs.org/@types%2fhttp-cache-semantics 88ms (cache revalidated)
npm http fetch GET 200 https://registry.npmjs.org/resolve-alpn 77ms (cache revalidated)
npm http fetch GET 200 https://registry.npmjs.org/quick-lru 84ms (cache revalidated)
npm http fetch GET 200 https://registry.npmjs.org/json-buffer 56ms (cache revalidated)
npm http fetch GET 200 https://registry.npmjs.org/config-chain 67ms (cache revalidated)
npm http fetch GET 200 https://registry.npmjs.org/@pnpm%2fnetwork.ca-file 99ms (cache revalidated)
npm http fetch GET 200 https://registry.npmjs.org/@pnpm%2fconfig.env-replace 660ms (cache revalidated)
npm http fetch GET 200 https://registry.npmjs.org/proto-list 67ms (cache revalidated)
npm http fetch GET 200 https://registry.npmjs.org/deep-extend 56ms (cache revalidated)
npm http fetch GET 200 https://registry.npmjs.org/pend 57ms (cache revalidated)
npm http fetch GET 200 https://registry.npmjs.org/crc32-stream 54ms (cache revalidated)
npm http fetch GET 200 https://registry.npmjs.org/crc-32 59ms (cache revalidated)
npm http fetch GET 200 https://registry.npmjs.org/buffer-alloc-unsafe 68ms (cache revalidated)
npm http fetch GET 200 https://registry.npmjs.org/buffer-fill 104ms (cache revalidated)
npm http fetch GET 200 https://registry.npmjs.org/p-try 67ms (cache revalidated)
npm verbose reify failed optional dependency C:\Projetos\Projeto_PGATS_WEB\pgats-trab-conclusao-autom-web-rafael-angelo\tmpBstackPackages\node_modules\fsevents
npm http fetch POST 200 https://registry.npmjs.org/-/npm/v1/security/advisories/bulk 1263ms
npm warn deprecated inflight@1.0.6: This module is not supported, and leaks memory. Do not use it. Check out lru-cache if you want a good and tested way to coalesce async requests by a key value, which is much more comprehensive and powerful.
npm warn deprecated rimraf@2.5.4: Rimraf versions prior to v4 are no longer supported
npm warn deprecated har-validator@5.1.5: this library is no longer supported
npm warn deprecated glob@7.2.3: Glob versions prior to v9 are no longer supported
npm warn deprecated glob@8.1.0: Glob versions prior to v9 are no longer supported
npm http fetch GET 200 https://registry.npmjs.org/tough-cookie 1494ms (cache revalidated)
npm http fetch GET 200 https://registry.npmjs.org/request 1523ms (cache revalidated)
npm warn deprecated uuid@3.4.0: Please upgrade  to version 7 or higher.  Older versions may use Math.random() in certain circumstances, which is known to be problematic.  See https://v8.dev/blog/math-random for details.
npm warn deprecated request@2.88.2: request has been deprecated, see https://github.com/request/request/issues/3142
npm http fetch GET 200 https://registry.npmjs.org/browserstack-cypress-cli 971ms (cache revalidated)
npm info run cypress@13.13.2 postinstall node_modules/cypress node index.js --exec install
npm info run cypress@13.13.2 postinstall { code: 0, signal: null }

added 501 packages, and audited 502 packages in 57s

96 packages are looking for funding
  run `npm fund` for details

3 moderate severity vulnerabilities

To address all issues (including breaking changes), run:
  npm audit fix --force

Run `npm audit` for details.
npm verbose cwd C:\Projetos\Projeto_PGATS_WEB\pgats-trab-conclusao-autom-web-rafael-angelo\tmpBstackPackages
npm verbose os Windows_NT 10.0.19045
npm verbose node v20.12.1
npm verbose npm  v10.8.2
npm verbose exit 0
npm info ok
